# JRE version: Java(TM) SE Runtime Environment (8.0_111-b14) (build 1.8.0_111-b14)
# Java VM: Java HotSpot(TM) 64-Bit Server VM (25.111-b14 mixed mode windows-amd64 compressed oops)
Heap:
 PSYoungGen      total 273920K, used 22560K [0x00000000eab00000, 0x00000000ffc80000, 0x0000000100000000)
  eden space 211456K, 7% used [0x00000000eab00000,0x00000000eb9b9240,0x00000000f7980000)
  from space 62464K, 11% used [0x00000000f7980000,0x00000000f80cf1a0,0x00000000fb680000)
  to   space 60416K, 0% used [0x00000000fc180000,0x00000000fc180000,0x00000000ffc80000)
 ParOldGen       total 664064K, used 90462K [0x00000000c0000000, 0x00000000e8880000, 0x00000000eab00000)
  object space 664064K, 13% used [0x00000000c0000000,0x00000000c5857a90,0x00000000e8880000)
 Metaspace       used 168084K, capacity 169391K, committed 169856K, reserved 1191936K
  class space    used 26535K, capacity 26980K, committed 27008K, reserved 1048576K
GC Heap History (10 events):
Event: 718.320 GC heap before
{Heap before GC invocations=35 (full 8):
 PSYoungGen      total 274944K, used 177571K [0x00000000eab00000, 0x00000000ff880000, 0x0000000100000000)
  eden space 211456K, 78% used [0x00000000eab00000,0x00000000f4ca0cb0,0x00000000f7980000)
  from space 63488K, 19% used [0x00000000fba80000,0x00000000fc6480e0,0x00000000ff880000)
  to   space 65024K, 0% used [0x00000000f7980000,0x00000000f7980000,0x00000000fb900000)
 ParOldGen       total 664064K, used 81908K [0x00000000c0000000, 0x00000000e8880000, 0x00000000eab00000)
  object space 664064K, 12% used [0x00000000c0000000,0x00000000c4ffd378,0x00000000e8880000)
 Metaspace       used 167290K, capacity 168627K, committed 169344K, reserved 1191936K
  class space    used 26474K, capacity 26902K, committed 27008K, reserved 1048576K
Event: 718.355 GC heap after
Heap after GC invocations=35 (full 8):
 PSYoungGen      total 239104K, used 27163K [0x00000000eab00000, 0x00000000ff480000, 0x0000000100000000)
  eden space 211456K, 0% used [0x00000000eab00000,0x00000000eab00000,0x00000000f7980000)
  from space 27648K, 98% used [0x00000000f7980000,0x00000000f9406fc8,0x00000000f9480000)
  to   space 62976K, 0% used [0x00000000fb700000,0x00000000fb700000,0x00000000ff480000)
 ParOldGen       total 664064K, used 81916K [0x00000000c0000000, 0x00000000e8880000, 0x00000000eab00000)
  object space 664064K, 12% used [0x00000000c0000000,0x00000000c4fff378,0x00000000e8880000)
 Metaspace       used 167290K, capacity 168627K, committed 169344K, reserved 1191936K
  class space    used 26474K, capacity 26902K, committed 27008K, reserved 1048576K
}
Event: 718.355 GC heap before
{Heap before GC invocations=36 (full 9):
 PSYoungGen      total 239104K, used 27163K [0x00000000eab00000, 0x00000000ff480000, 0x0000000100000000)
  eden space 211456K, 0% used [0x00000000eab00000,0x00000000eab00000,0x00000000f7980000)
  from space 27648K, 98% used [0x00000000f7980000,0x00000000f9406fc8,0x00000000f9480000)
  to   space 62976K, 0% used [0x00000000fb700000,0x00000000fb700000,0x00000000ff480000)
 ParOldGen       total 664064K, used 81916K [0x00000000c0000000, 0x00000000e8880000, 0x00000000eab00000)
  object space 664064K, 12% used [0x00000000c0000000,0x00000000c4fff378,0x00000000e8880000)
 Metaspace       used 167290K, capacity 168627K, committed 169344K, reserved 1191936K
  class space    used 26474K, capacity 26902K, committed 27008K, reserved 1048576K
Event: 718.777 GC heap after
Heap after GC invocations=36 (full 9):
 PSYoungGen      total 239104K, used 0K [0x00000000eab00000, 0x00000000ff480000, 0x0000000100000000)
  eden space 211456K, 0% used [0x00000000eab00000,0x00000000eab00000,0x00000000f7980000)
  from space 27648K, 0% used [0x00000000f7980000,0x00000000f7980000,0x00000000f9480000)
  to   space 62976K, 0% used [0x00000000fb700000,0x00000000fb700000,0x00000000ff480000)
 ParOldGen       total 664064K, used 97991K [0x00000000c0000000, 0x00000000e8880000, 0x00000000eab00000)
  object space 664064K, 14% used [0x00000000c0000000,0x00000000c5fb1f40,0x00000000e8880000)
 Metaspace       used 166863K, capacity 168123K, committed 169344K, reserved 1191936K
  class space    used 26452K, capacity 26862K, committed 27008K, reserved 1048576K
}
Event: 719.005 GC heap before
{Heap before GC invocations=37 (full 9):
 PSYoungGen      total 239104K, used 2534K [0x00000000eab00000, 0x00000000ff480000, 0x0000000100000000)
  eden space 211456K, 1% used [0x00000000eab00000,0x00000000ead799c0,0x00000000f7980000)
  from space 27648K, 0% used [0x00000000f7980000,0x00000000f7980000,0x00000000f9480000)
  to   space 62976K, 0% used [0x00000000fb700000,0x00000000fb700000,0x00000000ff480000)
 ParOldGen       total 664064K, used 97991K [0x00000000c0000000, 0x00000000e8880000, 0x00000000eab00000)
  object space 664064K, 14% used [0x00000000c0000000,0x00000000c5fb1f40,0x00000000e8880000)
 Metaspace       used 166863K, capacity 168123K, committed 169344K, reserved 1191936K
  class space    used 26452K, capacity 26862K, committed 27008K, reserved 1048576K
Event: 719.010 GC heap after
Heap after GC invocations=37 (full 9):
 PSYoungGen      total 273408K, used 128K [0x00000000eab00000, 0x00000000ff380000, 0x0000000100000000)
  eden space 211456K, 0% used [0x00000000eab00000,0x00000000eab00000,0x00000000f7980000)
  from space 61952K, 0% used [0x00000000fb700000,0x00000000fb720000,0x00000000ff380000)
  to   space 62464K, 0% used [0x00000000f7980000,0x00000000f7980000,0x00000000fb680000)
 ParOldGen       total 664064K, used 97991K [0x00000000c0000000, 0x00000000e8880000, 0x00000000eab00000)
  object space 664064K, 14% used [0x00000000c0000000,0x00000000c5fb1f40,0x00000000e8880000)
 Metaspace       used 166863K, capacity 168123K, committed 169344K, reserved 1191936K
  class space    used 26452K, capacity 26862K, committed 27008K, reserved 1048576K
}
Event: 719.010 GC heap before
{Heap before GC invocations=38 (full 10):
 PSYoungGen      total 273408K, used 128K [0x00000000eab00000, 0x00000000ff380000, 0x0000000100000000)
  eden space 211456K, 0% used [0x00000000eab00000,0x00000000eab00000,0x00000000f7980000)
  from space 61952K, 0% used [0x00000000fb700000,0x00000000fb720000,0x00000000ff380000)
  to   space 62464K, 0% used [0x00000000f7980000,0x00000000f7980000,0x00000000fb680000)
 ParOldGen       total 664064K, used 97991K [0x00000000c0000000, 0x00000000e8880000, 0x00000000eab00000)
  object space 664064K, 14% used [0x00000000c0000000,0x00000000c5fb1f40,0x00000000e8880000)
 Metaspace       used 166863K, capacity 168123K, committed 169344K, reserved 1191936K
  class space    used 26452K, capacity 26862K, committed 27008K, reserved 1048576K
Event: 719.282 GC heap after
Heap after GC invocations=38 (full 10):
 PSYoungGen      total 273408K, used 0K [0x00000000eab00000, 0x00000000ff380000, 0x0000000100000000)
  eden space 211456K, 0% used [0x00000000eab00000,0x00000000eab00000,0x00000000f7980000)
  from space 61952K, 0% used [0x00000000fb700000,0x00000000fb700000,0x00000000ff380000)
  to   space 62464K, 0% used [0x00000000f7980000,0x00000000f7980000,0x00000000fb680000)
 ParOldGen       total 664064K, used 90454K [0x00000000c0000000, 0x00000000e8880000, 0x00000000eab00000)
  object space 664064K, 13% used [0x00000000c0000000,0x00000000c5855a90,0x00000000e8880000)
 Metaspace       used 166863K, capacity 168123K, committed 169344K, reserved 1191936K
  class space    used 26452K, capacity 26862K, committed 27008K, reserved 1048576K
}
Event: 722.138 GC heap before
{Heap before GC invocations=39 (full 10):
 PSYoungGen      total 273408K, used 211456K [0x00000000eab00000, 0x00000000ff380000, 0x0000000100000000)
  eden space 211456K, 100% used [0x00000000eab00000,0x00000000f7980000,0x00000000f7980000)
  from space 61952K, 0% used [0x00000000fb700000,0x00000000fb700000,0x00000000ff380000)
  to   space 62464K, 0% used [0x00000000f7980000,0x00000000f7980000,0x00000000fb680000)
 ParOldGen       total 664064K, used 90454K [0x00000000c0000000, 0x00000000e8880000, 0x00000000eab00000)
  object space 664064K, 13% used [0x00000000c0000000,0x00000000c5855a90,0x00000000e8880000)
 Metaspace       used 167960K, capacity 169263K, committed 169856K, reserved 1191936K
  class space    used 26530K, capacity 26980K, committed 27008K, reserved 1048576K
Event: 722.155 GC heap after
Heap after GC invocations=39 (full 10):
 PSYoungGen      total 273920K, used 7484K [0x00000000eab00000, 0x00000000ffc80000, 0x0000000100000000)
  eden space 211456K, 0% used [0x00000000eab00000,0x00000000eab00000,0x00000000f7980000)
  from space 62464K, 11% used [0x00000000f7980000,0x00000000f80cf1a0,0x00000000fb680000)
  to   space 60416K, 0% used [0x00000000fc180000,0x00000000fc180000,0x00000000ffc80000)
 ParOldGen       total 664064K, used 90462K [0x00000000c0000000, 0x00000000e8880000, 0x00000000eab00000)
  object space 664064K, 13% used [0x00000000c0000000,0x00000000c5857a90,0x00000000e8880000)
 Metaspace       used 167960K, capacity 169263K, committed 169856K, reserved 1191936K
  class space    used 26530K, capacity 26980K, committed 27008K, reserved 1048576K
}

